[debug] [2022-04-22T18:16:49.538Z] ----------------------------------------------------------------------
[debug] [2022-04-22T18:16:49.540Z] Command:       C:\Program Files\nodejs\node.exe C:\Users\Jaden\AppData\Roaming\npm\node_modules\firebase-tools\lib\bin\firebase.js login
[debug] [2022-04-22T18:16:49.541Z] CLI Version:   10.7.1
[debug] [2022-04-22T18:16:49.541Z] Platform:      win32
[debug] [2022-04-22T18:16:49.541Z] Node Version:  v16.14.0
[debug] [2022-04-22T18:16:49.542Z] Time:          Fri Apr 22 2022 23:46:49 GMT+0530 (India Standard Time)
[debug] [2022-04-22T18:16:49.542Z] ----------------------------------------------------------------------
[debug] 
[info] i  Firebase optionally collects CLI usage and error reporting information to help improve our products. Data is collected in accordance with Google's privacy policy (https://policies.google.com/privacy) and is not used to identify you.
 
[info] i  To change your data collection preference at any time, run `firebase logout` and log in again. 
[info] 
[info] Visit this URL on this device to log in:
[info] https://accounts.google.com/o/oauth2/auth?client_id=563584335869-fgrhgmd47bqnekij5i8b5pr03ho849e6.apps.googleusercontent.com&scope=email%20openid%20https%3A%2F%2Fwww.googleapis.com%2Fauth%2Fcloudplatformprojects.readonly%20https%3A%2F%2Fwww.googleapis.com%2Fauth%2Ffirebase%20https%3A%2F%2Fwww.googleapis.com%2Fauth%2Fcloud-platform&response_type=code&state=1068901901&redirect_uri=http%3A%2F%2Flocalhost%3A9005
[info] 
[info] Waiting for authentication...
[debug] [2022-04-22T18:16:53.906Z] Error: spawn cmd ENOENT
    at Process.ChildProcess._handle.onexit (node:internal/child_process:283:19)
    at onErrorNT (node:internal/child_process:478:16)
    at processTicksAndRejections (node:internal/process/task_queues:83:21)
[error] 
[error] Error: An unexpected error has occurred.
